Using pre-set license
Built from '2020.3/staging' branch; Version is '2020.3.25f1 (9b9180224418) revision 10195328'; Using compiler version '192528614'; Build Type 'Release'
OS: 'Windows 11  (10.0.22000) 64bit CoreSingleLanguage' Language: 'en' Physical Memory: 12174 MB
BatchMode: 1, IsHumanControllingUs: 0, StartBugReporterOnCrash: 0, Is64bit: 1, IsPro: 0

COMMAND LINE ARGUMENTS:
C:\Program Files\Unity 2020.3.25f1\Editor\Unity.exe
-adb2
-batchMode
-noUpm
-name
AssetImportWorker0
-projectPath
D:/Basket_Ball_VR/Game
-logFile
Logs/AssetImportWorker0.log
-srvPort
62077
Successfully changed project path to: D:/Basket_Ball_VR/Game
D:/Basket_Ball_VR/Game
Using Asset Import Pipeline V2.
Refreshing native plugins compatible for Editor in 133.36 ms, found 2 plugins.
Preloading 0 native plugins for Editor in 0.17 ms.
Initialize engine version: 2020.3.25f1 (9b9180224418)
[Subsystems] Discovering subsystems at path C:/Program Files/Unity 2020.3.25f1/Editor/Data/Resources/UnitySubsystems
[Subsystems] Discovering subsystems at path D:/Basket_Ball_VR/Game/Assets
GfxDevice: creating device client; threaded=0
Direct3D:
    Version:  Direct3D 11.0 [level 11.0]
    Renderer: NVIDIA GeForce MX130 (ID=0x174d)
    Vendor:   
    VRAM:     2010 MB
    Driver:   27.21.14.6627
Initialize mono
Mono path[0] = 'C:/Program Files/Unity 2020.3.25f1/Editor/Data/Managed'
Mono path[1] = 'C:/Program Files/Unity 2020.3.25f1/Editor/Data/MonoBleedingEdge/lib/mono/unityjit'
Mono config path = 'C:/Program Files/Unity 2020.3.25f1/Editor/Data/MonoBleedingEdge/etc'
Using monoOptions --debugger-agent=transport=dt_socket,embedding=1,server=y,suspend=n,address=127.0.0.1:56008
Begin MonoManager ReloadAssembly
Registering precompiled unity dll's ...
Register platform support module: C:/Program Files/Unity 2020.3.25f1/Editor/Data/PlaybackEngines/WindowsStandaloneSupport/UnityEditor.WindowsStandalone.Extensions.dll
Registered in 0.004014 seconds.
Native extension for WindowsStandalone target not found
Refreshing native plugins compatible for Editor in 65.51 ms, found 2 plugins.
Preloading 0 native plugins for Editor in 0.00 ms.
Mono: successfully reloaded assembly
- Completed reload, in  1.567 seconds
Domain Reload Profiling:
	ReloadAssembly (1567ms)
		BeginReloadAssembly (167ms)
			ExecutionOrderSort (0ms)
			DisableScriptedObjects (0ms)
			BackupInstance (0ms)
			ReleaseScriptingObjects (0ms)
			CreateAndSetChildDomain (2ms)
		EndReloadAssembly (1116ms)
			LoadAssemblies (164ms)
			RebuildTransferFunctionScriptingTraits (0ms)
			SetupTypeCache (436ms)
			ReleaseScriptCaches (0ms)
			RebuildScriptCaches (68ms)
			SetupLoadedEditorAssemblies (382ms)
				LogAssemblyErrors (0ms)
				InitializePlatformSupportModulesInManaged (7ms)
				SetLoadedEditorAssemblies (0ms)
				RefreshPlugins (66ms)
				BeforeProcessingInitializeOnLoad (17ms)
				ProcessInitializeOnLoadAttributes (229ms)
				ProcessInitializeOnLoadMethodAttributes (63ms)
				AfterProcessingInitializeOnLoad (0ms)
				EditorAssembliesLoaded (0ms)
			ExecutionOrderSort2 (0ms)
			AwakeInstancesAfterBackupRestoration (0ms)
Platform modules already initialized, skipping
Registering precompiled user dll's ...
Registered in 0.006590 seconds.
Begin MonoManager ReloadAssembly
Native extension for WindowsStandalone target not found
Refreshing native plugins compatible for Editor in 1.04 ms, found 2 plugins.
Preloading 0 native plugins for Editor in 0.00 ms.
Mono: successfully reloaded assembly
- Completed reload, in  2.318 seconds
Domain Reload Profiling:
	ReloadAssembly (2320ms)
		BeginReloadAssembly (251ms)
			ExecutionOrderSort (0ms)
			DisableScriptedObjects (8ms)
			BackupInstance (0ms)
			ReleaseScriptingObjects (0ms)
			CreateAndSetChildDomain (31ms)
		EndReloadAssembly (1965ms)
			LoadAssemblies (149ms)
			RebuildTransferFunctionScriptingTraits (0ms)
			SetupTypeCache (963ms)
			ReleaseScriptCaches (1ms)
			RebuildScriptCaches (77ms)
			SetupLoadedEditorAssemblies (566ms)
				LogAssemblyErrors (0ms)
				InitializePlatformSupportModulesInManaged (11ms)
				SetLoadedEditorAssemblies (2ms)
				RefreshPlugins (1ms)
				BeforeProcessingInitializeOnLoad (123ms)
				ProcessInitializeOnLoadAttributes (401ms)
				ProcessInitializeOnLoadMethodAttributes (19ms)
				AfterProcessingInitializeOnLoad (9ms)
				EditorAssembliesLoaded (1ms)
			ExecutionOrderSort2 (0ms)
			AwakeInstancesAfterBackupRestoration (12ms)
Platform modules already initialized, skipping
========================================================================
Worker process is ready to serve import requests
Launched and connected shader compiler UnityShaderCompiler.exe after 0.27 seconds
Refreshing native plugins compatible for Editor in 0.49 ms, found 2 plugins.
Preloading 0 native plugins for Editor in 0.00 ms.
Unloading 1512 Unused Serialized files (Serialized files now loaded: 0)
System memory in use before: 81.9 MB.
System memory in use after: 82.0 MB.

Unloading 19 unused Assets to reduce memory usage. Loaded Objects now: 1961.
Total: 4.517800 ms (FindLiveObjects: 0.208100 ms CreateObjectMapping: 0.088900 ms MarkObjects: 4.077000 ms  DeleteObjects: 0.141700 ms)

AssetImportParameters requested are different than current active one (requested -> active):
  custom:framework-win-MediaFoundation: 216162199b28c13a410421893ffa2e32 -> 
  custom:video-decoder-ogg-theora: a1e56fd34408186e4bbccfd4996cb3dc -> 
  custom:container-muxer-webm: aa71ff27fc2769a1b78a27578f13a17b -> 
  custom:container-demuxer-webm: 4f35f7cbe854078d1ac9338744f61a02 -> 
  custom:container-demuxer-ogg: 62fdf1f143b41e24485cea50d1cbac27 -> 
  custom:video-encoder-webm-vp8: eb34c28f22e8b96e1ab97ce403110664 -> 
  custom:video-decoder-webm-vp8: 9c59270c3fd7afecdb556c50c9e8de78 -> 
  custom:audio-decoder-ogg-vorbis: bf7c407c2cedff20999df2af8eb42d56 -> 
  custom:audio-encoder-webm-vorbis: bf7c407c2cedff20999df2af8eb42d56 -> 
========================================================================
Received Import Request.
  path: Assets/_Scenes/02_Game.unity
  artifactKey: Guid(df33a4b59f1d3614d9010cf39527340f) Importer(815301076,1909f56bfc062723c751e8b465ee728b)
Start importing Assets/_Scenes/02_Game.unity using Guid(df33a4b59f1d3614d9010cf39527340f) Importer(815301076,1909f56bfc062723c751e8b465ee728b)  -> (artifact id: '2bd73e3ace48740a386facb313047fb7') in 0.034317 seconds 
  Import took 0.038910 seconds .

========================================================================
Received Import Request.
  Time since last request: 161.487834 seconds.
  path: Assets/ShootHootKit/ball.prefab
  artifactKey: Guid(f13ef45a14d378049a882a35a9588d8c) Importer(815301076,1909f56bfc062723c751e8b465ee728b)
Start importing Assets/ShootHootKit/ball.prefab using Guid(f13ef45a14d378049a882a35a9588d8c) Importer(815301076,1909f56bfc062723c751e8b465ee728b)  -> (artifact id: '3c8040ff058046a87bb2b342c0b03aa7') in 0.678895 seconds 
  Import took 0.686313 seconds .

========================================================================
Received Import Request.
  Time since last request: 0.000387 seconds.
  path: Assets/ShootHootKit/RingBoard.prefab
  artifactKey: Guid(9e6cf7da218ba4a41b1325cd6fdd27d0) Importer(815301076,1909f56bfc062723c751e8b465ee728b)
Start importing Assets/ShootHootKit/RingBoard.prefab using Guid(9e6cf7da218ba4a41b1325cd6fdd27d0) Importer(815301076,1909f56bfc062723c751e8b465ee728b)  -> (artifact id: '8765329b27cdff86762f3842a07b81de') in 0.096276 seconds 
  Import took 0.106176 seconds .

========================================================================
Received Import Request.
  Time since last request: 7.035171 seconds.
  path: Assets/ShootHootKit/Models/backboard.fbx
  artifactKey: Guid(c86cdf222cbb61b459d6cdd834135454) Importer(815301076,1909f56bfc062723c751e8b465ee728b)
Start importing Assets/ShootHootKit/Models/backboard.fbx using Guid(c86cdf222cbb61b459d6cdd834135454) Importer(815301076,1909f56bfc062723c751e8b465ee728b)  -> (artifact id: 'e824e3e2062c5814191a1ee0f8f41a16') in 0.233799 seconds 
  Import took 0.239950 seconds .

========================================================================
Received Import Request.
  Time since last request: 0.002162 seconds.
  path: Assets/ShootHootKit/Models/net.fbx
  artifactKey: Guid(e0d75c7786821214f9bd012547e8f516) Importer(815301076,1909f56bfc062723c751e8b465ee728b)
Start importing Assets/ShootHootKit/Models/net.fbx using Guid(e0d75c7786821214f9bd012547e8f516) Importer(815301076,1909f56bfc062723c751e8b465ee728b)  -> (artifact id: '2199c75babf5b97361ee9c3f98c385d1') in 0.061438 seconds 
  Import took 0.078722 seconds .

========================================================================
Received Import Request.
  Time since last request: 0.000338 seconds.
  path: Assets/ShootHootKit/Models/ring.fbx
  artifactKey: Guid(0097dbbaed1297746853450babef8ff9) Importer(815301076,1909f56bfc062723c751e8b465ee728b)
Start importing Assets/ShootHootKit/Models/ring.fbx using Guid(0097dbbaed1297746853450babef8ff9) Importer(815301076,1909f56bfc062723c751e8b465ee728b)  -> (artifact id: '0e0a96c166cec952a9c2e5eef1456791') in 0.075285 seconds 
  Import took 0.081029 seconds .

========================================================================
Received Import Request.
  Time since last request: 0.000351 seconds.
  path: Assets/ShootHootKit/Models/pole.fbx
  artifactKey: Guid(9570e011a8ff3c846b871d0ed0b3c658) Importer(815301076,1909f56bfc062723c751e8b465ee728b)
Start importing Assets/ShootHootKit/Models/pole.fbx using Guid(9570e011a8ff3c846b871d0ed0b3c658) Importer(815301076,1909f56bfc062723c751e8b465ee728b)  -> (artifact id: '4df1cd3431338a2c7d10e439c1fe974a') in 0.074094 seconds 
  Import took 0.080374 seconds .

========================================================================
Received Import Request.
  Time since last request: 0.000308 seconds.
  path: Assets/ShootHootKit/Models/holder.fbx
  artifactKey: Guid(b7c7a0fb1d3b2de45bcb8fd50df36527) Importer(815301076,1909f56bfc062723c751e8b465ee728b)
Start importing Assets/ShootHootKit/Models/holder.fbx using Guid(b7c7a0fb1d3b2de45bcb8fd50df36527) Importer(815301076,1909f56bfc062723c751e8b465ee728b)  -> (artifact id: '824ceb61e43474acd70d3653225688e4') in 0.064740 seconds 
  Import took 0.068944 seconds .

========================================================================
Received Import Request.
  Time since last request: 0.000384 seconds.
  path: Assets/ShootHootKit/Models/ball.fbx
  artifactKey: Guid(b41d6a84b72947a45982a9e93749b78e) Importer(815301076,1909f56bfc062723c751e8b465ee728b)
Start importing Assets/ShootHootKit/Models/ball.fbx using Guid(b41d6a84b72947a45982a9e93749b78e) Importer(815301076,1909f56bfc062723c751e8b465ee728b)  -> (artifact id: '14c631f6a95d791a69cba224e35d53c0') in 0.079228 seconds 
  Import took 0.084601 seconds .

========================================================================
Received Import Request.
  Time since last request: 1.068221 seconds.
  path: Assets/ShootHootKit/PhysMaterials/ball.physicMaterial
  artifactKey: Guid(6a5f42ab6d5b79b48a328627a965e323) Importer(815301076,1909f56bfc062723c751e8b465ee728b)
Start importing Assets/ShootHootKit/PhysMaterials/ball.physicMaterial using Guid(6a5f42ab6d5b79b48a328627a965e323) Importer(815301076,1909f56bfc062723c751e8b465ee728b)  -> (artifact id: '687734d8dcf5b02e66e5a639f58aa207') in 0.011739 seconds 
  Import took 0.018066 seconds .

========================================================================
Received Prepare
Refreshing native plugins compatible for Editor in 7.81 ms, found 2 plugins.
Preloading 0 native plugins for Editor in 0.00 ms.
Unloading 12 Unused Serialized files (Serialized files now loaded: 0)
System memory in use before: 55.8 MB.
System memory in use after: 55.9 MB.

Unloading 13 unused Assets to reduce memory usage. Loaded Objects now: 1971.
Total: 9.464400 ms (FindLiveObjects: 0.460300 ms CreateObjectMapping: 0.165100 ms MarkObjects: 8.799500 ms  DeleteObjects: 0.037200 ms)

AssetImportParameters requested are different than current active one (requested -> active):
  custom:framework-win-MediaFoundation: 216162199b28c13a410421893ffa2e32 -> 
  custom:video-decoder-ogg-theora: a1e56fd34408186e4bbccfd4996cb3dc -> 
  custom:container-muxer-webm: aa71ff27fc2769a1b78a27578f13a17b -> 
  custom:container-demuxer-webm: 4f35f7cbe854078d1ac9338744f61a02 -> 
  custom:container-demuxer-ogg: 62fdf1f143b41e24485cea50d1cbac27 -> 
  custom:video-encoder-webm-vp8: eb34c28f22e8b96e1ab97ce403110664 -> 
  custom:video-decoder-webm-vp8: 9c59270c3fd7afecdb556c50c9e8de78 -> 
  custom:audio-decoder-ogg-vorbis: bf7c407c2cedff20999df2af8eb42d56 -> 
  custom:audio-encoder-webm-vorbis: bf7c407c2cedff20999df2af8eb42d56 -> 
========================================================================
Received Import Request.
  Time since last request: 41.855371 seconds.
  path: Assets/Fonts/edosz.ttf
  artifactKey: Guid(d15687381b214174792ded3c7b7861f3) Importer(815301076,1909f56bfc062723c751e8b465ee728b)
Start importing Assets/Fonts/edosz.ttf using Guid(d15687381b214174792ded3c7b7861f3) Importer(815301076,1909f56bfc062723c751e8b465ee728b)  -> (artifact id: 'd8a7deeb6ea439d74f9528ef49600f5d') in 0.213540 seconds 
  Import took 0.220665 seconds .

========================================================================
Received Prepare
Registering precompiled user dll's ...
Registered in 0.010039 seconds.
Begin MonoManager ReloadAssembly
Native extension for WindowsStandalone target not found
Refreshing native plugins compatible for Editor in 0.70 ms, found 2 plugins.
Preloading 0 native plugins for Editor in 0.00 ms.
Mono: successfully reloaded assembly
- Completed reload, in  2.170 seconds
Domain Reload Profiling:
	ReloadAssembly (2171ms)
		BeginReloadAssembly (177ms)
			ExecutionOrderSort (0ms)
			DisableScriptedObjects (7ms)
			BackupInstance (0ms)
			ReleaseScriptingObjects (0ms)
			CreateAndSetChildDomain (58ms)
		EndReloadAssembly (1883ms)
			LoadAssemblies (154ms)
			RebuildTransferFunctionScriptingTraits (0ms)
			SetupTypeCache (679ms)
			ReleaseScriptCaches (1ms)
			RebuildScriptCaches (99ms)
			SetupLoadedEditorAssemblies (679ms)
				LogAssemblyErrors (0ms)
				InitializePlatformSupportModulesInManaged (11ms)
				SetLoadedEditorAssemblies (1ms)
				RefreshPlugins (1ms)
				BeforeProcessingInitializeOnLoad (111ms)
				ProcessInitializeOnLoadAttributes (523ms)
				ProcessInitializeOnLoadMethodAttributes (21ms)
				AfterProcessingInitializeOnLoad (10ms)
				EditorAssembliesLoaded (1ms)
			ExecutionOrderSort2 (0ms)
			AwakeInstancesAfterBackupRestoration (16ms)
Platform modules already initialized, skipping
Refreshing native plugins compatible for Editor in 0.76 ms, found 2 plugins.
Preloading 0 native plugins for Editor in 0.00 ms.
Unloading 1506 Unused Serialized files (Serialized files now loaded: 0)
System memory in use before: 85.3 MB.
System memory in use after: 85.4 MB.

Unloading 14 unused Assets to reduce memory usage. Loaded Objects now: 2010.
Total: 5.874100 ms (FindLiveObjects: 0.276200 ms CreateObjectMapping: 0.106400 ms MarkObjects: 5.446000 ms  DeleteObjects: 0.042900 ms)

AssetImportParameters requested are different than current active one (requested -> active):
  custom:framework-win-MediaFoundation: 216162199b28c13a410421893ffa2e32 -> 
  custom:video-decoder-ogg-theora: a1e56fd34408186e4bbccfd4996cb3dc -> 
  custom:container-muxer-webm: aa71ff27fc2769a1b78a27578f13a17b -> 
  custom:container-demuxer-webm: 4f35f7cbe854078d1ac9338744f61a02 -> 
  custom:container-demuxer-ogg: 62fdf1f143b41e24485cea50d1cbac27 -> 
  custom:video-encoder-webm-vp8: eb34c28f22e8b96e1ab97ce403110664 -> 
  custom:video-decoder-webm-vp8: 9c59270c3fd7afecdb556c50c9e8de78 -> 
  custom:audio-decoder-ogg-vorbis: bf7c407c2cedff20999df2af8eb42d56 -> 
  custom:audio-encoder-webm-vorbis: bf7c407c2cedff20999df2af8eb42d56 -> 
AssetImportWorkerClient::OnTransportError - code=2 error=End of file
